2

S 0 _ -> iter 0 ^ _ ^
S 1 _ -> iter 1 ^ _ ^

iter 0 _ -> iter _ > 0 >
iter 1 _ -> iter _ > 1 >
iter a _ -> and a ^ _ <
iter o _ -> or o ^ _ <
iter _ _ -> finish _ < _ <

and a 0 -> and_zero a ^ _ <
and a 1 -> and_one a ^ _ <

and_zero a 0 -> iter _ > 0 >
and_zero a 1 -> iter _ > 0 >

and_one a 0 -> iter _ > 0 >
and_one a 1 -> iter _ > 1 >

or o 0 -> or_zero o ^ _ <
or o 1 -> or_one o ^ _ <

or_zero o 0 -> iter _ > 0 >
or_zero o 1 -> iter _ > 1 >

or_one o 0 -> iter _ > 1 >
or_one o 1 -> iter _ > 1 >

finish _ 0 -> AC 0 ^ _ ^
finish _ 1 -> AC 1 ^ _ ^
